21:35:51 INFO  : Registering command handlers for SDK TCF services
21:35:52 INFO  : Launching XSCT server: xsct.bat -interactive D:\GitCode\SketchSystem\imageProcessingSystem.sdk\temp_xsdb_launch_script.tcl
21:35:58 INFO  : XSCT server has started successfully.
21:35:58 INFO  : Successfully done setting XSCT server connection channel  
21:36:02 INFO  : Successfully done setting SDK workspace  
21:36:02 INFO  : Processing command line option -hwspec D:/GitCode/SketchSystem/imageProcessingSystem.sdk/system_wrapper.hdf.
21:42:40 INFO  : Connected to target on host '127.0.0.1' and port '3121'.
21:42:41 INFO  : Jtag cable 'Digilent Zed 210248585775' is selected.
21:42:41 INFO  : 'jtag frequency' command is executed.
21:42:41 INFO  : Sourcing of 'D:/GitCode/SketchSystem/imageProcessingSystem.sdk/system_wrapper_hw_platform_0/ps7_init.tcl' is done.
21:42:41 INFO  : 'targets -set -filter {jtag_cable_name =~ "Digilent Zed 210248585775" && level==0} -index 1' command is executed.
21:42:43 INFO  : FPGA configured successfully with bitstream "D:/GitCode/SketchSystem/imageProcessingSystem.sdk/system_wrapper_hw_platform_0/system_wrapper.bit"
21:42:44 INFO  : Context for 'APU' is selected.
21:42:44 INFO  : Hardware design information is loaded from 'D:/GitCode/SketchSystem/imageProcessingSystem.sdk/system_wrapper_hw_platform_0/system.hdf'.
21:42:44 INFO  : 'configparams force-mem-access 1' command is executed.
21:42:44 INFO  : Context for 'APU' is selected.
21:42:44 INFO  : 'stop' command is executed.
21:42:44 INFO  : 'ps7_init' command is executed.
21:42:44 INFO  : 'ps7_post_config' command is executed.
21:42:45 INFO  : Context for processor 'ps7_cortexa9_0' is selected.
21:42:45 INFO  : Processor reset is completed for 'ps7_cortexa9_0'.
21:42:45 INFO  : Context for processor 'ps7_cortexa9_0' is selected.
21:42:45 INFO  : The application 'D:/GitCode/SketchSystem/imageProcessingSystem.sdk/videoImageTest/Debug/videoImageTest.elf' is downloaded to processor 'ps7_cortexa9_0'.
21:42:45 INFO  : 'configparams force-mem-access 0' command is executed.
21:42:45 INFO  : ----------------XSDB Script----------------
connect -url tcp:127.0.0.1:3121
source D:/GitCode/SketchSystem/imageProcessingSystem.sdk/system_wrapper_hw_platform_0/ps7_init.tcl
targets -set -filter {jtag_cable_name =~ "Digilent Zed 210248585775" && level==0} -index 1
fpga -file D:/GitCode/SketchSystem/imageProcessingSystem.sdk/system_wrapper_hw_platform_0/system_wrapper.bit
targets -set -nocase -filter {name =~"APU*" && jtag_cable_name =~ "Digilent Zed 210248585775"} -index 0
loadhw -hw D:/GitCode/SketchSystem/imageProcessingSystem.sdk/system_wrapper_hw_platform_0/system.hdf -mem-ranges [list {0x40000000 0xbfffffff}]
configparams force-mem-access 1
targets -set -nocase -filter {name =~"APU*" && jtag_cable_name =~ "Digilent Zed 210248585775"} -index 0
stop
ps7_init
ps7_post_config
targets -set -nocase -filter {name =~ "ARM*#0" && jtag_cable_name =~ "Digilent Zed 210248585775"} -index 0
rst -processor
targets -set -nocase -filter {name =~ "ARM*#0" && jtag_cable_name =~ "Digilent Zed 210248585775"} -index 0
dow D:/GitCode/SketchSystem/imageProcessingSystem.sdk/videoImageTest/Debug/videoImageTest.elf
configparams force-mem-access 0
----------------End of Script----------------

21:42:46 INFO  : Memory regions updated for context APU
21:42:46 INFO  : Context for processor 'ps7_cortexa9_0' is selected.
21:42:46 INFO  : 'con' command is executed.
21:42:46 INFO  : ----------------XSDB Script (After Launch)----------------
targets -set -nocase -filter {name =~ "ARM*#0" && jtag_cable_name =~ "Digilent Zed 210248585775"} -index 0
con
----------------End of Script----------------

21:42:46 INFO  : Launch script is exported to file 'D:\GitCode\SketchSystem\imageProcessingSystem.sdk\.sdk\launch_scripts\xilinx_c-c++_application_(system_debugger)\system_debugger_on_local.tcl'
21:45:01 INFO  : Disconnected from the channel tcfchan#1.
21:45:23 INFO  : Registering command handlers for SDK TCF services
21:45:24 INFO  : Launching XSCT server: xsct.bat -interactive D:\GitCode\SketchSystem\imageProcessingSystem.sdk\temp_xsdb_launch_script.tcl
21:45:27 INFO  : XSCT server has started successfully.
21:45:28 INFO  : Processing command line option -hwspec D:/GitCode/SketchSystem/imageProcessingSystem.sdk/system_wrapper.hdf.
21:45:28 INFO  : Successfully done setting XSCT server connection channel  
21:45:28 INFO  : Checking for hwspec changes in the project system_wrapper_hw_platform_0.
21:45:32 INFO  : Successfully done setting SDK workspace  
21:46:24 INFO  : Registering command handlers for SDK TCF services
21:46:25 INFO  : Launching XSCT server: xsct.bat -interactive D:\GitCode\SketchSystem\imageProcessingSystem.sdk\temp_xsdb_launch_script.tcl
21:46:29 INFO  : XSCT server has started successfully.
21:46:30 INFO  : Successfully done setting XSCT server connection channel  
21:46:30 INFO  : Successfully done setting SDK workspace  
21:46:30 INFO  : Processing command line option -hwspec D:/GitCode/SketchSystem/imageProcessingSystem.sdk/system_wrapper.hdf.
21:46:30 INFO  : Checking for hwspec changes in the project system_wrapper_hw_platform_0.
21:51:25 INFO  : Registering command handlers for SDK TCF services
21:51:26 INFO  : Launching XSCT server: xsct.bat -interactive D:\GitCode\SketchSystem\imageProcessingSystem.sdk\temp_xsdb_launch_script.tcl
21:51:29 INFO  : XSCT server has started successfully.
21:51:30 INFO  : Successfully done setting XSCT server connection channel  
21:51:30 INFO  : Successfully done setting SDK workspace  
21:51:30 INFO  : Processing command line option -hwspec D:/GitCode/SketchSystem/imageProcessingSystem.sdk/system_wrapper.hdf.
21:51:30 INFO  : Checking for hwspec changes in the project system_wrapper_hw_platform_0.
21:52:22 INFO  : Registering command handlers for SDK TCF services
21:52:23 INFO  : Launching XSCT server: xsct.bat -interactive D:\GitCode\SketchSystem\imageProcessingSystem.sdk\temp_xsdb_launch_script.tcl
21:52:25 INFO  : XSCT server has started successfully.
21:52:26 INFO  : Successfully done setting XSCT server connection channel  
21:52:26 INFO  : Successfully done setting SDK workspace  
21:52:26 INFO  : Processing command line option -hwspec D:/GitCode/SketchSystem/imageProcessingSystem.sdk/system_wrapper.hdf.
22:02:33 INFO  : Connected to target on host '127.0.0.1' and port '3121'.
22:02:52 INFO  : ----------------XSDB Script----------------
connect -url tcp:127.0.0.1:3121
----------------End of Script----------------

22:02:58 INFO  : Connected to target on host '127.0.0.1' and port '3121'.
22:03:00 INFO  : Jtag cable 'Digilent Zed 210248585775' is selected.
22:03:00 INFO  : 'jtag frequency' command is executed.
22:03:00 INFO  : Sourcing of 'D:/GitCode/SketchSystem/imageProcessingSystem.sdk/system_wrapper_hw_platform_0/ps7_init.tcl' is done.
22:03:00 INFO  : 'targets -set -filter {jtag_cable_name =~ "Digilent Zed 210248585775" && level==0} -index 1' command is executed.
22:03:02 INFO  : FPGA configured successfully with bitstream "D:/GitCode/SketchSystem/imageProcessingSystem.sdk/system_wrapper_hw_platform_0/system_wrapper.bit"
22:03:02 INFO  : Context for 'APU' is selected.
22:03:02 INFO  : Hardware design information is loaded from 'D:/GitCode/SketchSystem/imageProcessingSystem.sdk/system_wrapper_hw_platform_0/system.hdf'.
22:03:02 INFO  : 'configparams force-mem-access 1' command is executed.
22:03:02 INFO  : Context for 'APU' is selected.
22:03:02 INFO  : 'stop' command is executed.
22:03:03 INFO  : 'ps7_init' command is executed.
22:03:03 INFO  : 'ps7_post_config' command is executed.
22:03:03 INFO  : Context for processor 'ps7_cortexa9_0' is selected.
22:03:03 INFO  : Processor reset is completed for 'ps7_cortexa9_0'.
22:03:03 INFO  : Context for processor 'ps7_cortexa9_0' is selected.
22:03:04 INFO  : The application 'D:/GitCode/SketchSystem/imageProcessingSystem.sdk/videoImageTest/Debug/videoImageTest.elf' is downloaded to processor 'ps7_cortexa9_0'.
22:03:04 INFO  : 'configparams force-mem-access 0' command is executed.
22:03:04 INFO  : ----------------XSDB Script----------------
connect -url tcp:127.0.0.1:3121
source D:/GitCode/SketchSystem/imageProcessingSystem.sdk/system_wrapper_hw_platform_0/ps7_init.tcl
targets -set -filter {jtag_cable_name =~ "Digilent Zed 210248585775" && level==0} -index 1
fpga -file D:/GitCode/SketchSystem/imageProcessingSystem.sdk/system_wrapper_hw_platform_0/system_wrapper.bit
targets -set -nocase -filter {name =~"APU*" && jtag_cable_name =~ "Digilent Zed 210248585775"} -index 0
loadhw -hw D:/GitCode/SketchSystem/imageProcessingSystem.sdk/system_wrapper_hw_platform_0/system.hdf -mem-ranges [list {0x40000000 0xbfffffff}]
configparams force-mem-access 1
targets -set -nocase -filter {name =~"APU*" && jtag_cable_name =~ "Digilent Zed 210248585775"} -index 0
stop
ps7_init
ps7_post_config
targets -set -nocase -filter {name =~ "ARM*#0" && jtag_cable_name =~ "Digilent Zed 210248585775"} -index 0
rst -processor
targets -set -nocase -filter {name =~ "ARM*#0" && jtag_cable_name =~ "Digilent Zed 210248585775"} -index 0
dow D:/GitCode/SketchSystem/imageProcessingSystem.sdk/videoImageTest/Debug/videoImageTest.elf
configparams force-mem-access 0
----------------End of Script----------------

22:03:04 INFO  : Memory regions updated for context APU
22:03:04 INFO  : Context for processor 'ps7_cortexa9_0' is selected.
22:03:04 INFO  : 'con' command is executed.
22:03:04 INFO  : ----------------XSDB Script (After Launch)----------------
targets -set -nocase -filter {name =~ "ARM*#0" && jtag_cable_name =~ "Digilent Zed 210248585775"} -index 0
con
----------------End of Script----------------

22:03:04 INFO  : Launch script is exported to file 'D:\GitCode\SketchSystem\imageProcessingSystem.sdk\.sdk\launch_scripts\xilinx_c-c++_application_(system_debugger)\system_debugger_using_debug_videoimagetest.elf_on_local.tcl'
22:07:37 INFO  : Disconnected from the channel tcfchan#1.
22:07:38 INFO  : Connected to target on host '127.0.0.1' and port '3121'.
22:07:41 INFO  : Jtag cable 'Digilent Zed 210248585775' is selected.
22:07:41 INFO  : 'jtag frequency' command is executed.
22:07:41 INFO  : Sourcing of 'D:/GitCode/SketchSystem/imageProcessingSystem.sdk/system_wrapper_hw_platform_0/ps7_init.tcl' is done.
22:07:41 INFO  : 'targets -set -filter {jtag_cable_name =~ "Digilent Zed 210248585775" && level==0} -index 1' command is executed.
22:07:43 INFO  : FPGA configured successfully with bitstream "D:/GitCode/SketchSystem/imageProcessingSystem.sdk/system_wrapper_hw_platform_0/system_wrapper.bit"
22:07:43 INFO  : Context for 'APU' is selected.
22:07:46 INFO  : Hardware design information is loaded from 'D:/GitCode/SketchSystem/imageProcessingSystem.sdk/system_wrapper_hw_platform_0/system.hdf'.
22:07:46 INFO  : 'configparams force-mem-access 1' command is executed.
22:07:46 INFO  : Context for 'APU' is selected.
22:07:46 INFO  : 'stop' command is executed.
22:07:47 INFO  : 'ps7_init' command is executed.
22:07:47 INFO  : 'ps7_post_config' command is executed.
22:07:47 INFO  : Context for processor 'ps7_cortexa9_0' is selected.
22:07:47 INFO  : Processor reset is completed for 'ps7_cortexa9_0'.
22:07:47 INFO  : Context for processor 'ps7_cortexa9_0' is selected.
22:07:48 INFO  : The application 'D:/GitCode/SketchSystem/imageProcessingSystem.sdk/videoImageTest/Debug/videoImageTest.elf' is downloaded to processor 'ps7_cortexa9_0'.
22:07:48 INFO  : 'configparams force-mem-access 0' command is executed.
22:07:48 INFO  : ----------------XSDB Script----------------
connect -url tcp:127.0.0.1:3121
source D:/GitCode/SketchSystem/imageProcessingSystem.sdk/system_wrapper_hw_platform_0/ps7_init.tcl
targets -set -filter {jtag_cable_name =~ "Digilent Zed 210248585775" && level==0} -index 1
fpga -file D:/GitCode/SketchSystem/imageProcessingSystem.sdk/system_wrapper_hw_platform_0/system_wrapper.bit
targets -set -nocase -filter {name =~"APU*" && jtag_cable_name =~ "Digilent Zed 210248585775"} -index 0
loadhw -hw D:/GitCode/SketchSystem/imageProcessingSystem.sdk/system_wrapper_hw_platform_0/system.hdf -mem-ranges [list {0x40000000 0xbfffffff}]
configparams force-mem-access 1
targets -set -nocase -filter {name =~"APU*" && jtag_cable_name =~ "Digilent Zed 210248585775"} -index 0
stop
ps7_init
ps7_post_config
targets -set -nocase -filter {name =~ "ARM*#0" && jtag_cable_name =~ "Digilent Zed 210248585775"} -index 0
rst -processor
targets -set -nocase -filter {name =~ "ARM*#0" && jtag_cable_name =~ "Digilent Zed 210248585775"} -index 0
dow D:/GitCode/SketchSystem/imageProcessingSystem.sdk/videoImageTest/Debug/videoImageTest.elf
configparams force-mem-access 0
----------------End of Script----------------

22:07:48 INFO  : Memory regions updated for context APU
22:07:48 INFO  : Context for processor 'ps7_cortexa9_0' is selected.
22:07:48 INFO  : 'con' command is executed.
22:07:48 INFO  : ----------------XSDB Script (After Launch)----------------
targets -set -nocase -filter {name =~ "ARM*#0" && jtag_cable_name =~ "Digilent Zed 210248585775"} -index 0
con
----------------End of Script----------------

22:07:48 INFO  : Launch script is exported to file 'D:\GitCode\SketchSystem\imageProcessingSystem.sdk\.sdk\launch_scripts\xilinx_c-c++_application_(system_debugger)\system_debugger_using_debug_videoimagetest.elf_on_local.tcl'
22:37:45 INFO  : Disconnected from the channel tcfchan#2.
20:05:16 INFO  : Registering command handlers for SDK TCF services
20:05:17 INFO  : Launching XSCT server: xsct.bat -interactive D:\GitCode\SketchSystem\imageProcessingSystem.sdk\temp_xsdb_launch_script.tcl
20:05:21 INFO  : XSCT server has started successfully.
20:05:21 INFO  : Successfully done setting XSCT server connection channel  
20:05:21 INFO  : Successfully done setting SDK workspace  
20:05:21 INFO  : Processing command line option -hwspec D:/GitCode/SketchSystem/imageProcessingSystem.sdk/system_wrapper.hdf.
20:05:22 INFO  : Checking for hwspec changes in the project system_wrapper_hw_platform_0.
20:05:28 INFO  : SDK has detected change in the last modified timestamps for source hardware specification file Source:1624363346944,  Project:1624109640366
20:05:28 INFO  : The hardware specification for project 'system_wrapper_hw_platform_0' is different from D:/GitCode/SketchSystem/imageProcessingSystem.sdk/system_wrapper.hdf.
20:05:29 INFO  : Copied contents of D:/GitCode/SketchSystem/imageProcessingSystem.sdk/system_wrapper.hdf into \system_wrapper_hw_platform_0\system.hdf.
20:05:39 INFO  : Synchronizing projects in the workspace with the hardware platform specification changes.
20:05:46 INFO  : 
20:05:47 INFO  : Updating hardware inferred compiler options for videoImageTest.
20:05:47 INFO  : Clearing existing target manager status.
20:05:47 WARN  : Given IPC port value is invalid. Using default port 2350
20:05:47 WARN  : Given XMD timeout value is invalid. Using default value of 50000
20:05:50 WARN  : Given XMD transaction timeout value is invalid. Using default value of 60000 milli seconds
20:06:45 INFO  : Connected to target on host '127.0.0.1' and port '3121'.
20:06:45 INFO  : Jtag cable 'Digilent Zed 210248585775' is selected.
20:06:45 INFO  : 'jtag frequency' command is executed.
20:06:45 INFO  : Sourcing of 'D:/GitCode/SketchSystem/imageProcessingSystem.sdk/system_wrapper_hw_platform_0/ps7_init.tcl' is done.
20:06:45 INFO  : 'targets -set -filter {jtag_cable_name =~ "Digilent Zed 210248585775" && level==0} -index 1' command is executed.
20:06:48 INFO  : FPGA configured successfully with bitstream "D:/GitCode/SketchSystem/imageProcessingSystem.sdk/system_wrapper_hw_platform_0/system_wrapper.bit"
20:06:48 INFO  : Context for 'APU' is selected.
20:06:48 INFO  : Hardware design information is loaded from 'D:/GitCode/SketchSystem/imageProcessingSystem.sdk/system_wrapper_hw_platform_0/system.hdf'.
20:06:48 INFO  : 'configparams force-mem-access 1' command is executed.
20:06:48 INFO  : Context for 'APU' is selected.
20:06:48 INFO  : 'stop' command is executed.
20:06:49 INFO  : 'ps7_init' command is executed.
20:06:49 INFO  : 'ps7_post_config' command is executed.
20:06:49 INFO  : Context for processor 'ps7_cortexa9_0' is selected.
20:06:49 INFO  : Processor reset is completed for 'ps7_cortexa9_0'.
20:06:49 INFO  : Context for processor 'ps7_cortexa9_0' is selected.
20:06:50 INFO  : The application 'D:/GitCode/SketchSystem/imageProcessingSystem.sdk/videoImageTest/Debug/videoImageTest.elf' is downloaded to processor 'ps7_cortexa9_0'.
20:06:50 INFO  : 'configparams force-mem-access 0' command is executed.
20:06:50 INFO  : ----------------XSDB Script----------------
connect -url tcp:127.0.0.1:3121
source D:/GitCode/SketchSystem/imageProcessingSystem.sdk/system_wrapper_hw_platform_0/ps7_init.tcl
targets -set -filter {jtag_cable_name =~ "Digilent Zed 210248585775" && level==0} -index 1
fpga -file D:/GitCode/SketchSystem/imageProcessingSystem.sdk/system_wrapper_hw_platform_0/system_wrapper.bit
targets -set -nocase -filter {name =~"APU*" && jtag_cable_name =~ "Digilent Zed 210248585775"} -index 0
loadhw -hw D:/GitCode/SketchSystem/imageProcessingSystem.sdk/system_wrapper_hw_platform_0/system.hdf -mem-ranges [list {0x40000000 0xbfffffff}]
configparams force-mem-access 1
targets -set -nocase -filter {name =~"APU*" && jtag_cable_name =~ "Digilent Zed 210248585775"} -index 0
stop
ps7_init
ps7_post_config
targets -set -nocase -filter {name =~ "ARM*#0" && jtag_cable_name =~ "Digilent Zed 210248585775"} -index 0
rst -processor
targets -set -nocase -filter {name =~ "ARM*#0" && jtag_cable_name =~ "Digilent Zed 210248585775"} -index 0
dow D:/GitCode/SketchSystem/imageProcessingSystem.sdk/videoImageTest/Debug/videoImageTest.elf
configparams force-mem-access 0
----------------End of Script----------------

20:06:50 INFO  : Memory regions updated for context APU
20:06:51 INFO  : Context for processor 'ps7_cortexa9_0' is selected.
20:06:51 INFO  : 'con' command is executed.
20:06:51 INFO  : ----------------XSDB Script (After Launch)----------------
targets -set -nocase -filter {name =~ "ARM*#0" && jtag_cable_name =~ "Digilent Zed 210248585775"} -index 0
con
----------------End of Script----------------

20:06:51 INFO  : Launch script is exported to file 'D:\GitCode\SketchSystem\imageProcessingSystem.sdk\.sdk\launch_scripts\xilinx_c-c++_application_(system_debugger)\system_debugger_using_debug_videoimagetest.elf_on_local.tcl'
20:07:38 INFO  : Disconnected from the channel tcfchan#1.
20:07:39 INFO  : Connected to target on host '127.0.0.1' and port '3121'.
20:07:42 INFO  : Jtag cable 'Digilent Zed 210248585775' is selected.
20:07:42 INFO  : 'jtag frequency' command is executed.
20:07:42 INFO  : Sourcing of 'D:/GitCode/SketchSystem/imageProcessingSystem.sdk/system_wrapper_hw_platform_0/ps7_init.tcl' is done.
20:07:42 INFO  : 'targets -set -filter {jtag_cable_name =~ "Digilent Zed 210248585775" && level==0} -index 1' command is executed.
20:07:44 INFO  : FPGA configured successfully with bitstream "D:/GitCode/SketchSystem/imageProcessingSystem.sdk/system_wrapper_hw_platform_0/system_wrapper.bit"
20:07:45 INFO  : Context for 'APU' is selected.
20:07:47 INFO  : Hardware design information is loaded from 'D:/GitCode/SketchSystem/imageProcessingSystem.sdk/system_wrapper_hw_platform_0/system.hdf'.
20:07:47 INFO  : 'configparams force-mem-access 1' command is executed.
20:07:47 INFO  : Context for 'APU' is selected.
20:07:47 INFO  : 'stop' command is executed.
20:07:48 INFO  : 'ps7_init' command is executed.
20:07:48 INFO  : 'ps7_post_config' command is executed.
20:07:48 INFO  : Context for processor 'ps7_cortexa9_0' is selected.
20:07:48 INFO  : Processor reset is completed for 'ps7_cortexa9_0'.
20:07:48 INFO  : Context for processor 'ps7_cortexa9_0' is selected.
20:07:49 INFO  : The application 'D:/GitCode/SketchSystem/imageProcessingSystem.sdk/videoImageTest/Debug/videoImageTest.elf' is downloaded to processor 'ps7_cortexa9_0'.
20:07:49 INFO  : 'configparams force-mem-access 0' command is executed.
20:07:49 INFO  : ----------------XSDB Script----------------
connect -url tcp:127.0.0.1:3121
source D:/GitCode/SketchSystem/imageProcessingSystem.sdk/system_wrapper_hw_platform_0/ps7_init.tcl
targets -set -filter {jtag_cable_name =~ "Digilent Zed 210248585775" && level==0} -index 1
fpga -file D:/GitCode/SketchSystem/imageProcessingSystem.sdk/system_wrapper_hw_platform_0/system_wrapper.bit
targets -set -nocase -filter {name =~"APU*" && jtag_cable_name =~ "Digilent Zed 210248585775"} -index 0
loadhw -hw D:/GitCode/SketchSystem/imageProcessingSystem.sdk/system_wrapper_hw_platform_0/system.hdf -mem-ranges [list {0x40000000 0xbfffffff}]
configparams force-mem-access 1
targets -set -nocase -filter {name =~"APU*" && jtag_cable_name =~ "Digilent Zed 210248585775"} -index 0
stop
ps7_init
ps7_post_config
targets -set -nocase -filter {name =~ "ARM*#0" && jtag_cable_name =~ "Digilent Zed 210248585775"} -index 0
rst -processor
targets -set -nocase -filter {name =~ "ARM*#0" && jtag_cable_name =~ "Digilent Zed 210248585775"} -index 0
dow D:/GitCode/SketchSystem/imageProcessingSystem.sdk/videoImageTest/Debug/videoImageTest.elf
configparams force-mem-access 0
----------------End of Script----------------

20:07:49 INFO  : Memory regions updated for context APU
20:07:49 INFO  : Context for processor 'ps7_cortexa9_0' is selected.
20:07:49 INFO  : 'con' command is executed.
20:07:49 INFO  : ----------------XSDB Script (After Launch)----------------
targets -set -nocase -filter {name =~ "ARM*#0" && jtag_cable_name =~ "Digilent Zed 210248585775"} -index 0
con
----------------End of Script----------------

20:07:49 INFO  : Launch script is exported to file 'D:\GitCode\SketchSystem\imageProcessingSystem.sdk\.sdk\launch_scripts\xilinx_c-c++_application_(system_debugger)\system_debugger_using_debug_videoimagetest.elf_on_local.tcl'
20:08:02 INFO  : Disconnected from the channel tcfchan#2.
20:08:05 ERROR : Unexpected error while parsing XMD response ?: com.google.gson.JsonSyntaxException: com.google.gson.stream.MalformedJsonException: invalid number or unquoted string near 
